2025-03-13T17:08:29.949Z [[32minfo[39m] Recebida requisição: GET /api/contribuintes - IP: ::1
2025-03-14T12:27:36.342Z [[32minfo[39m] Recebida requisição: GET /api/contribuintes - IP: ::1
2025-03-14T12:28:57.410Z [[32minfo[39m] Recebida requisição: GET /api/contribuintes - IP: ::1
2025-03-14T13:19:18.046Z [[32minfo[39m] Recebida requisição: GET /api/contribuintes - IP: ::ffff:127.0.0.1
2025-03-14T13:19:35.570Z [[32minfo[39m] Recebida requisição: GET /api/contribuintes - IP: ::ffff:127.0.0.1
2025-03-14T14:24:24.660Z [[32minfo[39m] Recebida requisição: GET /api/contribuintes - IP: ::1
2025-03-14T14:26:01.544Z [[32minfo[39m] Recebida requisição: GET /api/contribuintes - IP: ::1
2025-03-14T14:27:13.983Z [[32minfo[39m] Recebida requisição: GET /api/contribuintes - IP: ::1
2025-03-14T14:30:48.936Z [[32minfo[39m] Recebida requisição: GET /api/contribuintes - IP: ::1
2025-03-14T14:33:20.546Z [[32minfo[39m] Recebida requisição: GET /api/contribuintes - IP: ::1
2025-03-14T14:33:29.471Z [[32minfo[39m] Recebida requisição: GET /api/api-doc - IP: ::1
2025-03-14T14:33:33.496Z [[32minfo[39m] Recebida requisição: GET /api/api-docs - IP: ::1
2025-03-14T14:33:33.578Z [[32minfo[39m] Recebida requisição: GET /api/api-docs/ - IP: ::1
2025-03-14T14:33:33.779Z [[32minfo[39m] Recebida requisição: GET /api/api-docs/swagger-ui.css - IP: ::1
2025-03-14T14:33:34.113Z [[32minfo[39m] Recebida requisição: GET /api/api-docs/swagger-ui-bundle.js - IP: ::1
2025-03-14T14:33:34.212Z [[32minfo[39m] Recebida requisição: GET /api/api-docs/swagger-ui-standalone-preset.js - IP: ::1
2025-03-14T14:33:34.305Z [[32minfo[39m] Recebida requisição: GET /api/api-docs/swagger-ui-init.js - IP: ::1
2025-03-14T14:33:34.867Z [[32minfo[39m] Recebida requisição: GET /api/api-docs/favicon-32x32.png - IP: ::1
2025-03-14T14:35:11.019Z [[32minfo[39m] Recebida requisição: GET /api/contribuintes - IP: ::1
2025-03-14T14:45:50.873Z [[32minfo[39m] Recebida requisição: GET /api/contribuintes - IP: ::1
2025-03-14T14:46:29.146Z [[32minfo[39m] Recebida requisição: GET /api/contribuintes - IP: ::1
2025-03-14T14:46:46.596Z [[32minfo[39m] Recebida requisição: GET /api/contribuintes - IP: ::1
2025-03-14T14:49:51.057Z [[32minfo[39m] Recebida requisição: GET /api/contribuintes - IP: ::1
2025-03-14T14:50:04.579Z [[32minfo[39m] Recebida requisição: GET /api/contribuintes - IP: ::1
2025-03-14T14:50:09.013Z [[32minfo[39m] Recebida requisição: GET /api/contribuintes - IP: ::1
2025-03-14T14:50:19.258Z [[32minfo[39m] Recebida requisição: GET /api/contribuintes - IP: ::1
2025-03-14T14:50:51.377Z [[32minfo[39m] Recebida requisição: GET /api/contribuintes - IP: ::1
2025-03-14T14:52:44.481Z [[32minfo[39m] Recebida requisição: GET /api/contribuintes - IP: ::1
2025-03-14T14:54:04.283Z [[32minfo[39m] Recebida requisição: GET /api/contribuintes - IP: ::1
2025-03-14T14:57:15.116Z [[32minfo[39m] Recebida requisição: GET /api/contribuintes - IP: ::1
2025-03-14T14:58:13.451Z [[32minfo[39m] Recebida requisição: GET /api/contribuintes - IP: ::1
2025-03-14T15:00:18.032Z [[32minfo[39m] Recebida requisição: GET /api/contribuintes - IP: ::1
2025-03-14T15:02:38.346Z [[32minfo[39m] Recebida requisição: GET /api/contribuintes - IP: ::1
2025-03-14T15:09:38.678Z [[32minfo[39m] Recebida requisição: GET /api/contribuintes - IP: ::1
2025-03-14T15:17:44.146Z [[32minfo[39m] Recebida requisição: GET /api/contribuintes - IP: ::1
2025-03-14T15:19:01.654Z [[32minfo[39m] Recebida requisição: GET /api/contribuintes - IP: ::1
2025-03-14T15:28:01.858Z [[32minfo[39m] Recebida requisição: GET /api/api-docs/ - IP: ::1
2025-03-14T15:28:02.600Z [[32minfo[39m] Recebida requisição: GET /api/api-docs/swagger-ui.css - IP: ::1
2025-03-14T15:28:02.848Z [[32minfo[39m] Recebida requisição: GET /api/api-docs/swagger-ui-bundle.js - IP: ::1
2025-03-14T15:28:02.960Z [[32minfo[39m] Recebida requisição: GET /api/api-docs/swagger-ui-standalone-preset.js - IP: ::1
2025-03-14T15:28:02.964Z [[32minfo[39m] Recebida requisição: GET /api/api-docs/swagger-ui-init.js - IP: ::1
2025-03-14T15:32:14.113Z [[32minfo[39m] Recebida requisição: GET /api/contribuintes - IP: ::1
2025-03-14T15:36:25.101Z [[32minfo[39m] Recebida requisição: GET /api/contribuintes - IP: ::1
2025-03-14T15:37:39.607Z [[32minfo[39m] Recebida requisição: GET /api/contribuintes - IP: ::1
2025-03-14T15:42:52.543Z [[32minfo[39m] Recebida requisição: GET /api/contribuintes - IP: ::1
2025-03-14T15:46:22.877Z [[32minfo[39m] Recebida requisição: GET /api/contribuintes - IP: ::1
2025-03-14T17:06:58.955Z [[32minfo[39m] Recebida requisição: GET /api/contribuintes - IP: ::1
2025-03-14T17:08:57.784Z [[32minfo[39m] Recebida requisição: GET /api/contribuintes - IP: ::1
2025-03-14T17:11:20.519Z [[32minfo[39m] Recebida requisição: GET /api/contribuintes - IP: ::1
2025-03-14T17:12:01.598Z [[32minfo[39m] Recebida requisição: GET /api/contribuintes - IP: ::1
2025-03-14T17:12:35.704Z [[32minfo[39m] Recebida requisição: GET /api/contribuintes - IP: ::1
2025-03-14T17:13:48.453Z [[32minfo[39m] Recebida requisição: GET /api/contribuintes - IP: ::1
2025-03-14T17:14:35.754Z [[32minfo[39m] Recebida requisição: GET /api/contribuintes - IP: ::1
